<?xml version="1.0" encoding="UTF-8"?>
<!-- Generated by org.testng.reporters.JUnitReportReporter -->
<testsuite hostname="DESKTOP-22O0SHR" failures="0" tests="1" name="mobiletesting.mobiletesting" time="12.583" errors="0" timestamp="2024-12-14T18:00:49 BDT" skipped="0">
  <testcase classname="mobiletesting.mobiletesting" name="sampleTest" time="12.583"/>
</testsuite> <!-- mobiletesting.mobiletesting -->
